# JRE version: Java(TM) SE Runtime Environment (8.0_91-b14) (build 1.8.0_91-b14)
# Java VM: Java HotSpot(TM) 64-Bit Server VM (25.91-b14 mixed mode linux-amd64 compressed oops)
Heap:
 PSYoungGen      total 197632K, used 32091K [0x00000000eab00000, 0x0000000100000000, 0x0000000100000000)
  eden space 149504K, 0% used [0x00000000eab00000,0x00000000eab00000,0x00000000f3d00000)
  from space 48128K, 66% used [0x00000000fd100000,0x00000000ff056fa0,0x0000000100000000)
  to   space 99840K, 0% used [0x00000000f3d00000,0x00000000f3d00000,0x00000000f9e80000)
 ParOldGen       total 271360K, used 270940K [0x00000000c0000000, 0x00000000d0900000, 0x00000000eab00000)
  object space 271360K, 99% used [0x00000000c0000000,0x00000000d08970d8,0x00000000d0900000)
 Metaspace       used 6475K, capacity 7256K, committed 7424K, reserved 1056768K
  class space    used 609K, capacity 656K, committed 768K, reserved 1048576K
GC Heap History (10 events):
Event: 22,830 GC heap after
Heap after GC invocations=9 (full 1):
 PSYoungGen      total 293888K, used 38300K [0x00000000eab00000, 0x0000000100000000, 0x0000000100000000)
  eden space 252928K, 0% used [0x00000000eab00000,0x00000000eab00000,0x00000000fa200000)
  from space 40960K, 93% used [0x00000000fd800000,0x00000000ffd67188,0x0000000100000000)
  to   space 48128K, 0% used [0x00000000fa200000,0x00000000fa200000,0x00000000fd100000)
 ParOldGen       total 123392K, used 62711K [0x00000000c0000000, 0x00000000c7880000, 0x00000000eab00000)
  object space 123392K, 50% used [0x00000000c0000000,0x00000000c3d3ddc8,0x00000000c7880000)
 Metaspace       used 6457K, capacity 7256K, committed 7424K, reserved 1056768K
  class space    used 608K, capacity 656K, committed 768K, reserved 1048576K
}
Event: 26,445 GC heap before
{Heap before GC invocations=10 (full 1):
 PSYoungGen      total 293888K, used 291228K [0x00000000eab00000, 0x0000000100000000, 0x0000000100000000)
  eden space 252928K, 100% used [0x00000000eab00000,0x00000000fa200000,0x00000000fa200000)
  from space 40960K, 93% used [0x00000000fd800000,0x00000000ffd67188,0x0000000100000000)
  to   space 48128K, 0% used [0x00000000fa200000,0x00000000fa200000,0x00000000fd100000)
 ParOldGen       total 123392K, used 62711K [0x00000000c0000000, 0x00000000c7880000, 0x00000000eab00000)
  object space 123392K, 50% used [0x00000000c0000000,0x00000000c3d3ddc8,0x00000000c7880000)
 Metaspace       used 6466K, capacity 7256K, committed 7424K, reserved 1056768K
  class space    used 608K, capacity 656K, committed 768K, reserved 1048576K
Event: 26,847 GC heap after
Heap after GC invocations=10 (full 1):
 PSYoungGen      total 301056K, used 48111K [0x00000000eab00000, 0x0000000100000000, 0x0000000100000000)
  eden space 252928K, 0% used [0x00000000eab00000,0x00000000eab00000,0x00000000fa200000)
  from space 48128K, 99% used [0x00000000fa200000,0x00000000fd0fbd78,0x00000000fd100000)
  to   space 48128K, 0% used [0x00000000fd100000,0x00000000fd100000,0x0000000100000000)
 ParOldGen       total 123392K, used 84622K [0x00000000c0000000, 0x00000000c7880000, 0x00000000eab00000)
  object space 123392K, 68% used [0x00000000c0000000,0x00000000c52a3b10,0x00000000c7880000)
 Metaspace       used 6466K, capacity 7256K, committed 7424K, reserved 1056768K
  class space    used 608K, capacity 656K, committed 768K, reserved 1048576K
}
Event: 38,403 GC heap before
{Heap before GC invocations=11 (full 1):
 PSYoungGen      total 301056K, used 301039K [0x00000000eab00000, 0x0000000100000000, 0x0000000100000000)
  eden space 252928K, 100% used [0x00000000eab00000,0x00000000fa200000,0x00000000fa200000)
  from space 48128K, 99% used [0x00000000fa200000,0x00000000fd0fbd78,0x00000000fd100000)
  to   space 48128K, 0% used [0x00000000fd100000,0x00000000fd100000,0x0000000100000000)
 ParOldGen       total 123392K, used 84622K [0x00000000c0000000, 0x00000000c7880000, 0x00000000eab00000)
  object space 123392K, 68% used [0x00000000c0000000,0x00000000c52a3b10,0x00000000c7880000)
 Metaspace       used 6466K, capacity 7256K, committed 7424K, reserved 1056768K
  class space    used 608K, capacity 656K, committed 768K, reserved 1048576K
Event: 40,529 GC heap after
Heap after GC invocations=11 (full 1):
 PSYoungGen      total 301056K, used 301039K [0x00000000eab00000, 0x0000000100000000, 0x0000000100000000)
  eden space 252928K, 100% used [0x00000000eab00000,0x00000000fa200000,0x00000000fa200000)
  from space 48128K, 99% used [0x00000000fa200000,0x00000000fd0fbd78,0x00000000fd100000)
  to   space 48128K, 99% used [0x00000000fd100000,0x00000000ffff88d0,0x0000000100000000)
 ParOldGen       total 181760K, used 181707K [0x00000000c0000000, 0x00000000cb180000, 0x00000000eab00000)
  object space 181760K, 99% used [0x00000000c0000000,0x00000000cb172c30,0x00000000cb180000)
 Metaspace       used 6466K, capacity 7256K, committed 7424K, reserved 1056768K
  class space    used 608K, capacity 656K, committed 768K, reserved 1048576K
}
Event: 40,529 GC heap before
{Heap before GC invocations=12 (full 2):
 PSYoungGen      total 301056K, used 301039K [0x00000000eab00000, 0x0000000100000000, 0x0000000100000000)
  eden space 252928K, 100% used [0x00000000eab00000,0x00000000fa200000,0x00000000fa200000)
  from space 48128K, 99% used [0x00000000fa200000,0x00000000fd0fbd78,0x00000000fd100000)
  to   space 48128K, 99% used [0x00000000fd100000,0x00000000ffff88d0,0x0000000100000000)
 ParOldGen       total 181760K, used 181707K [0x00000000c0000000, 0x00000000cb180000, 0x00000000eab00000)
  object space 181760K, 99% used [0x00000000c0000000,0x00000000cb172c30,0x00000000cb180000)
 Metaspace       used 6466K, capacity 7256K, committed 7424K, reserved 1056768K
  class space    used 608K, capacity 656K, committed 768K, reserved 1048576K
Event: 46,484 GC heap after
Heap after GC invocations=12 (full 2):
 PSYoungGen      total 301056K, used 72408K [0x00000000eab00000, 0x0000000100000000, 0x0000000100000000)
  eden space 252928K, 28% used [0x00000000eab00000,0x00000000ef1b6348,0x00000000fa200000)
  from space 48128K, 0% used [0x00000000fa200000,0x00000000fa200000,0x00000000fd100000)
  to   space 48128K, 0% used [0x00000000fd100000,0x00000000fd100000,0x0000000100000000)
 ParOldGen       total 271360K, used 181692K [0x00000000c0000000, 0x00000000d0900000, 0x00000000eab00000)
  object space 271360K, 66% used [0x00000000c0000000,0x00000000cb16f148,0x00000000d0900000)
 Metaspace       used 6466K, capacity 7256K, committed 7424K, reserved 1056768K
  class space    used 608K, capacity 656K, committed 768K, reserved 1048576K
}
Event: 48,482 GC heap before
{Heap before GC invocations=13 (full 2):
 PSYoungGen      total 301056K, used 252928K [0x00000000eab00000, 0x0000000100000000, 0x0000000100000000)
  eden space 252928K, 100% used [0x00000000eab00000,0x00000000fa200000,0x00000000fa200000)
  from space 48128K, 0% used [0x00000000fa200000,0x00000000fa200000,0x00000000fd100000)
  to   space 48128K, 0% used [0x00000000fd100000,0x00000000fd100000,0x0000000100000000)
 ParOldGen       total 271360K, used 181692K [0x00000000c0000000, 0x00000000d0900000, 0x00000000eab00000)
  object space 271360K, 66% used [0x00000000c0000000,0x00000000cb16f148,0x00000000d0900000)
 Metaspace       used 6475K, capacity 7256K, committed 7424K, reserved 1056768K
  class space    used 609K, capacity 656K, committed 768K, reserved 1048576K
Event: 48,890 GC heap after
Heap after GC invocations=13 (full 2):
 PSYoungGen      total 197632K, used 48105K [0x00000000eab00000, 0x0000000100000000, 0x0000000100000000)
  eden space 149504K, 0% used [0x00000000eab00000,0x00000000eab00000,0x00000000f3d00000)
  from space 48128K, 99% used [0x00000000fd100000,0x00000000ffffa678,0x0000000100000000)
  to   space 99840K, 0% used [0x00000000f3d00000,0x00000000f3d00000,0x00000000f9e80000)
 ParOldGen       total 271360K, used 259616K [0x00000000c0000000, 0x00000000d0900000, 0x00000000eab00000)
  object space 271360K, 95% used [0x00000000c0000000,0x00000000cfd880c8,0x00000000d0900000)
 Metaspace       used 6475K, capacity 7256K, committed 7424K, reserved 1056768K
  class space    used 609K, capacity 656K, committed 768K, reserved 1048576K
}
Event: 48,890 GC heap before
{Heap before GC invocations=14 (full 3):
 PSYoungGen      total 197632K, used 48105K [0x00000000eab00000, 0x0000000100000000, 0x0000000100000000)
  eden space 149504K, 0% used [0x00000000eab00000,0x00000000eab00000,0x00000000f3d00000)
  from space 48128K, 99% used [0x00000000fd100000,0x00000000ffffa678,0x0000000100000000)
  to   space 99840K, 0% used [0x00000000f3d00000,0x00000000f3d00000,0x00000000f9e80000)
 ParOldGen       total 271360K, used 259616K [0x00000000c0000000, 0x00000000d0900000, 0x00000000eab00000)
  object space 271360K, 95% used [0x00000000c0000000,0x00000000cfd880c8,0x00000000d0900000)
 Metaspace       used 6475K, capacity 7256K, committed 7424K, reserved 1056768K
  class space    used 609K, capacity 656K, committed 768K, reserved 1048576K

